INFO [08-20|12:23:51.035] Maximum peer count                       ETH=25 LES=0 total=25
INFO [08-20|12:23:51.044] Starting peer-to-peer node               instance=Geth/v1.8.13-stable/darwin-amd64/go1.10.3
INFO [08-20|12:23:51.044] Allocated cache and file handles         database=/Users/xiaohuo/go/src/github.com/renlulu/plasma-go/private-network/geth/chaindata cache=768 handles=1024
INFO [08-20|12:23:51.056] Initialised chain configuration          config="{ChainID: 15 Homestead: 0 DAO: <nil> DAOSupport: false EIP150: <nil> EIP155: 0 EIP158: 0 Byzantium: 0 Constantinople: <nil> Engine: unknown}"
INFO [08-20|12:23:51.056] Disk storage enabled for ethash caches   dir=/Users/xiaohuo/go/src/github.com/renlulu/plasma-go/private-network/geth/ethash count=3
INFO [08-20|12:23:51.056] Disk storage enabled for ethash DAGs     dir=/Users/xiaohuo/.ethash                                                         count=2
INFO [08-20|12:23:51.056] Initialising Ethereum protocol           versions="[63 62]" network=1
INFO [08-20|12:23:51.056] Loaded most recent local header          number=0 hash=a0e580…a5e82e td=262144
INFO [08-20|12:23:51.056] Loaded most recent local full block      number=0 hash=a0e580…a5e82e td=262144
INFO [08-20|12:23:51.056] Loaded most recent local fast block      number=0 hash=a0e580…a5e82e td=262144
INFO [08-20|12:23:51.056] Regenerated local transaction journal    transactions=0 accounts=0
INFO [08-20|12:23:51.057] Starting P2P networking 
INFO [08-20|12:23:51.058] RLPx listener up                         self="enode://aadfd87e2c0c519ec1e2903e0c744bec9a5aa50da52acad88ac3336103e0828e86d27cd330029550b49b13ba75d98f2e7ddd6306bcd41360247cde8a139166ae@[::]:30303?discport=0"
INFO [08-20|12:23:51.059] IPC endpoint opened                      url=/Users/xiaohuo/go/src/github.com/renlulu/plasma-go/private-network/geth.ipc
INFO [08-20|12:25:52.647] IPC endpoint closed                      endpoint=/Users/xiaohuo/go/src/github.com/renlulu/plasma-go/private-network/geth.ipc
INFO [08-20|12:25:52.647] Blockchain manager stopped 
INFO [08-20|12:25:52.647] Stopping Ethereum protocol 
INFO [08-20|12:25:52.647] Ethereum protocol stopped 
INFO [08-20|12:25:52.647] Transaction pool stopped 
INFO [08-20|12:25:52.647] Database closed                          database=/Users/xiaohuo/go/src/github.com/renlulu/plasma-go/private-network/geth/chaindata
